<?xml version="1.0" encoding="UTF-8"?>
<testng-results skipped="0" failed="0" ignored="0" total="1" passed="1">
  <reporter-output>
  </reporter-output>
  <suite name="Default suite" duration-ms="123165" started-at="2019-03-08T05:14:24Z" finished-at="2019-03-08T05:16:27Z">
    <groups>
    </groups>
    <test name="Default test" duration-ms="123165" started-at="2019-03-08T05:14:24Z" finished-at="2019-03-08T05:16:27Z">
      <class name="Tests.SampleTest">
        <test-method status="PASS" signature="test()[pri:0, instance:Tests.SampleTest@724af044]" name="test" duration-ms="122909" started-at="2019-03-08T05:14:24Z" finished-at="2019-03-08T05:16:27Z">
          <reporter-output>
          </reporter-output>
        </test-method> <!-- test -->
      </class> <!-- Tests.SampleTest -->
    </test> <!-- Default test -->
  </suite> <!-- Default suite -->
</testng-results>
